<?xml version="1.0" encoding="UTF-8"?>
<testng-results ignored="0" total="1" passed="1" failed="0" skipped="0">
  <reporter-output>
  </reporter-output>
  <suite started-at="2023-04-04T17:44:43 COT" name="Surefire suite" finished-at="2023-04-04T17:44:43 COT" duration-ms="50">
    <groups>
    </groups>
    <test started-at="2023-04-04T17:44:43 COT" name="Surefire test" finished-at="2023-04-04T17:44:43 COT" duration-ms="50">
      <class name="edu.eci.arsw.bomberman.AppTest">
        <test-method signature="testApp()" started-at="2023-04-04T17:44:43 COT" name="testApp" finished-at="2023-04-04T17:44:43 COT" duration-ms="10" status="PASS">
          <reporter-output>
          </reporter-output>
        </test-method> <!-- testApp -->
      </class> <!-- edu.eci.arsw.bomberman.AppTest -->
    </test> <!-- Surefire test -->
  </suite> <!-- Surefire suite -->
</testng-results>
